0 info it worked if it ends with ok
1 verbose cli [ 'C:\\Program Files (x86)\\nodejs\\\\node.exe',
1 verbose cli   'C:\\Program Files (x86)\\nodejs\\node_modules\\npm\\bin\\npm-cli.js',
1 verbose cli   'install',
1 verbose cli   '-g',
1 verbose cli   'angular-yeoman-generator' ]
2 info using npm@1.4.28
3 info using node@v0.10.34
4 verbose node symlink C:\Program Files (x86)\nodejs\\node.exe
5 verbose cache add [ 'angular-yeoman-generator', null ]
6 verbose cache add name=undefined spec="angular-yeoman-generator" args=["angular-yeoman-generator",null]
7 verbose parsed url { protocol: null,
7 verbose parsed url   slashes: null,
7 verbose parsed url   auth: null,
7 verbose parsed url   host: null,
7 verbose parsed url   port: null,
7 verbose parsed url   hostname: null,
7 verbose parsed url   hash: null,
7 verbose parsed url   search: null,
7 verbose parsed url   query: null,
7 verbose parsed url   pathname: 'angular-yeoman-generator',
7 verbose parsed url   path: 'angular-yeoman-generator',
7 verbose parsed url   href: 'angular-yeoman-generator' }
8 silly lockFile 59fe46b2-angular-yeoman-generator angular-yeoman-generator
9 verbose lock angular-yeoman-generator C:\Users\Travis\AppData\Roaming\npm-cache\59fe46b2-angular-yeoman-generator.lock
10 silly lockFile 59fe46b2-angular-yeoman-generator angular-yeoman-generator
11 silly lockFile 59fe46b2-angular-yeoman-generator angular-yeoman-generator
12 verbose addNamed [ 'angular-yeoman-generator', '' ]
13 verbose addNamed [ null, '*' ]
14 silly lockFile e3614702-angular-yeoman-generator angular-yeoman-generator@
15 verbose lock angular-yeoman-generator@ C:\Users\Travis\AppData\Roaming\npm-cache\e3614702-angular-yeoman-generator.lock
16 silly addNameRange { name: 'angular-yeoman-generator', range: '*', hasData: false }
17 verbose request where is /angular-yeoman-generator
18 verbose request registry https://registry.npmjs.org/
19 verbose request id 85b60a7584d98f1d
20 verbose url raw /angular-yeoman-generator
21 verbose url resolving [ 'https://registry.npmjs.org/', './angular-yeoman-generator' ]
22 verbose url resolved https://registry.npmjs.org/angular-yeoman-generator
23 verbose request where is https://registry.npmjs.org/angular-yeoman-generator
24 info trying registry request attempt 1 at 15:01:54
25 http GET https://registry.npmjs.org/angular-yeoman-generator
26 http 404 https://registry.npmjs.org/angular-yeoman-generator
27 verbose headers { date: 'Tue, 23 Dec 2014 23:01:05 GMT',
27 verbose headers   server: 'CouchDB/1.5.0 (Erlang OTP/R16B03)',
27 verbose headers   'content-type': 'application/json',
27 verbose headers   'cache-control': 'max-age=0',
27 verbose headers   'content-length': '52',
27 verbose headers   'accept-ranges': 'bytes',
27 verbose headers   via: '1.1 varnish',
27 verbose headers   age: '0',
27 verbose headers   'x-served-by': 'cache-lax1435-LAX',
27 verbose headers   'x-cache': 'MISS',
27 verbose headers   'x-cache-hits': '0',
27 verbose headers   'x-timer': 'S1419375665.248642,VS0,VE150',
27 verbose headers   'keep-alive': 'timeout=10, max=50',
27 verbose headers   connection: 'Keep-Alive' }
28 silly registry.get cb [ 404,
28 silly registry.get   { date: 'Tue, 23 Dec 2014 23:01:05 GMT',
28 silly registry.get     server: 'CouchDB/1.5.0 (Erlang OTP/R16B03)',
28 silly registry.get     'content-type': 'application/json',
28 silly registry.get     'cache-control': 'max-age=0',
28 silly registry.get     'content-length': '52',
28 silly registry.get     'accept-ranges': 'bytes',
28 silly registry.get     via: '1.1 varnish',
28 silly registry.get     age: '0',
28 silly registry.get     'x-served-by': 'cache-lax1435-LAX',
28 silly registry.get     'x-cache': 'MISS',
28 silly registry.get     'x-cache-hits': '0',
28 silly registry.get     'x-timer': 'S1419375665.248642,VS0,VE150',
28 silly registry.get     'keep-alive': 'timeout=10, max=50',
28 silly registry.get     connection: 'Keep-Alive' } ]
29 silly lockFile e3614702-angular-yeoman-generator angular-yeoman-generator@
30 silly lockFile e3614702-angular-yeoman-generator angular-yeoman-generator@
31 error 404 404 Not Found: angular-yeoman-generator
31 error 404
31 error 404 'angular-yeoman-generator' is not in the npm registry.
31 error 404 You should bug the author to publish it
31 error 404
31 error 404 Note that you can also install from a
31 error 404 tarball, folder, or http url, or git url.
32 error System Windows_NT 6.1.7601
33 error command "C:\\Program Files (x86)\\nodejs\\\\node.exe" "C:\\Program Files (x86)\\nodejs\\node_modules\\npm\\bin\\npm-cli.js" "install" "-g" "angular-yeoman-generator"
34 error cwd C:\Users\Travis\Documents\GitHub\klondike.js
35 error node -v v0.10.34
36 error npm -v 1.4.28
37 error code E404
38 verbose exit [ 1, true ]
